{
    "/home/mtc/projects/Mezatsong/simple-typed-di/src/index.ts": {
        "path": "/home/mtc/projects/Mezatsong/simple-typed-di/src/index.ts",
        "statementMap": {
            "0": {
                "start": { "line": 25, "column": 20 },
                "end": { "line": 25, "column": null }
            },
            "1": {
                "start": { "line": 28, "column": 20 },
                "end": { "line": 28, "column": 53 }
            },
            "2": {
                "start": { "line": 31, "column": 21 },
                "end": { "line": 31, "column": 45 }
            },
            "3": {
                "start": { "line": 35, "column": 2 },
                "end": { "line": 35, "column": null }
            },
            "4": {
                "start": { "line": 43, "column": 2 },
                "end": { "line": 48, "column": null }
            },
            "5": {
                "start": { "line": 59, "column": 2 },
                "end": { "line": 63, "column": null }
            },
            "6": {
                "start": { "line": 74, "column": 19 },
                "end": { "line": 74, "column": 28 }
            },
            "7": {
                "start": { "line": 76, "column": 2 },
                "end": { "line": 80, "column": null }
            },
            "8": {
                "start": { "line": 91, "column": 2 },
                "end": { "line": 95, "column": null }
            },
            "9": {
                "start": { "line": 106, "column": 2 },
                "end": { "line": 110, "column": null }
            },
            "10": {
                "start": { "line": 117, "column": 17 },
                "end": { "line": 117, "column": 49 }
            },
            "11": {
                "start": { "line": 118, "column": 14 },
                "end": { "line": 118, "column": 39 }
            },
            "12": {
                "start": { "line": 121, "column": 2 },
                "end": { "line": 130, "column": null }
            },
            "13": {
                "start": { "line": 122, "column": 3 },
                "end": { "line": 123, "column": null }
            },
            "14": {
                "start": { "line": 123, "column": 4 },
                "end": { "line": 123, "column": null }
            },
            "15": {
                "start": { "line": 126, "column": 22 },
                "end": { "line": 126, "column": null }
            },
            "16": {
                "start": { "line": 128, "column": 3 },
                "end": { "line": 130, "column": null }
            },
            "17": {
                "start": { "line": 134, "column": 2 },
                "end": { "line": 135, "column": null }
            },
            "18": {
                "start": { "line": 135, "column": 3 },
                "end": { "line": 135, "column": null }
            },
            "19": {
                "start": { "line": 139, "column": 2 },
                "end": { "line": 147, "column": null }
            },
            "20": {
                "start": { "line": 141, "column": 3 },
                "end": { "line": 144, "column": null }
            },
            "21": {
                "start": { "line": 142, "column": 4 },
                "end": { "line": 142, "column": null }
            },
            "22": {
                "start": { "line": 144, "column": 4 },
                "end": { "line": 144, "column": null }
            },
            "23": {
                "start": { "line": 147, "column": 3 },
                "end": { "line": 147, "column": null }
            },
            "24": {
                "start": { "line": 151, "column": 2 },
                "end": { "line": 151, "column": null }
            },
            "25": {
                "start": { "line": 159, "column": 24 },
                "end": { "line": 159, "column": 46 }
            },
            "26": {
                "start": { "line": 161, "column": 2 },
                "end": { "line": 173, "column": null }
            },
            "27": {
                "start": { "line": 162, "column": 20 },
                "end": { "line": 162, "column": null }
            },
            "28": {
                "start": { "line": 164, "column": 3 },
                "end": { "line": 164, "column": null }
            },
            "29": {
                "start": { "line": 164, "column": 18 },
                "end": { "line": 164, "column": null }
            },
            "30": {
                "start": { "line": 166, "column": 3 },
                "end": { "line": 173, "column": null }
            },
            "31": {
                "start": { "line": 167, "column": 4 },
                "end": { "line": 170, "column": null }
            },
            "32": {
                "start": { "line": 168, "column": 5 },
                "end": { "line": 168, "column": null }
            },
            "33": {
                "start": { "line": 169, "column": 15 },
                "end": { "line": 170, "column": null }
            },
            "34": {
                "start": { "line": 170, "column": 5 },
                "end": { "line": 170, "column": null }
            },
            "35": {
                "start": { "line": 173, "column": 4 },
                "end": { "line": 173, "column": null }
            },
            "36": {
                "start": { "line": 177, "column": 2 },
                "end": { "line": 177, "column": null }
            },
            "37": {
                "start": { "line": 181, "column": 2 },
                "end": { "line": 181, "column": null }
            }
        },
        "fnMap": {
            "0": {
                "name": "(anonymous_0)",
                "decl": {
                    "start": { "line": 31, "column": 1 },
                    "end": { "line": 31, "column": 13 }
                },
                "loc": {
                    "start": { "line": 31, "column": 45 },
                    "end": { "line": 31, "column": 45 }
                },
                "line": 31
            },
            "1": {
                "name": "(anonymous_1)",
                "decl": {
                    "start": { "line": 34, "column": 1 },
                    "end": { "line": 34, "column": 9 }
                },
                "loc": {
                    "start": { "line": 34, "column": 68 },
                    "end": { "line": 35, "column": null }
                },
                "line": 34
            },
            "2": {
                "name": "(anonymous_2)",
                "decl": {
                    "start": { "line": 38, "column": 1 },
                    "end": { "line": 38, "column": 9 }
                },
                "loc": {
                    "start": { "line": 42, "column": 3 },
                    "end": { "line": 48, "column": null }
                },
                "line": 42
            },
            "3": {
                "name": "(anonymous_3)",
                "decl": {
                    "start": { "line": 54, "column": 1 },
                    "end": { "line": 54, "column": null }
                },
                "loc": {
                    "start": { "line": 58, "column": 9 },
                    "end": { "line": 63, "column": null }
                },
                "line": 58
            },
            "4": {
                "name": "(anonymous_4)",
                "decl": {
                    "start": { "line": 69, "column": 1 },
                    "end": { "line": 69, "column": null }
                },
                "loc": {
                    "start": { "line": 73, "column": 9 },
                    "end": { "line": 80, "column": null }
                },
                "line": 73
            },
            "5": {
                "name": "(anonymous_5)",
                "decl": {
                    "start": { "line": 86, "column": 1 },
                    "end": { "line": 86, "column": null }
                },
                "loc": {
                    "start": { "line": 90, "column": 9 },
                    "end": { "line": 95, "column": null }
                },
                "line": 90
            },
            "6": {
                "name": "(anonymous_6)",
                "decl": {
                    "start": { "line": 101, "column": 1 },
                    "end": { "line": 101, "column": null }
                },
                "loc": {
                    "start": { "line": 105, "column": 9 },
                    "end": { "line": 110, "column": null }
                },
                "line": 105
            },
            "7": {
                "name": "(anonymous_7)",
                "decl": {
                    "start": { "line": 116, "column": 1 },
                    "end": { "line": 116, "column": 8 }
                },
                "loc": {
                    "start": { "line": 116, "column": 67 },
                    "end": { "line": 151, "column": null }
                },
                "line": 116
            },
            "8": {
                "name": "(anonymous_8)",
                "decl": {
                    "start": { "line": 158, "column": 7 },
                    "end": { "line": 158, "column": 32 }
                },
                "loc": {
                    "start": { "line": 158, "column": 32 },
                    "end": { "line": 177, "column": null }
                },
                "line": 158
            },
            "9": {
                "name": "(anonymous_9)",
                "decl": {
                    "start": { "line": 180, "column": 1 },
                    "end": { "line": 180, "column": 9 }
                },
                "loc": {
                    "start": { "line": 180, "column": 51 },
                    "end": { "line": 181, "column": null }
                },
                "line": 180
            }
        },
        "branchMap": {
            "0": {
                "loc": {
                    "start": { "line": 35, "column": 9 },
                    "end": { "line": 35, "column": null }
                },
                "type": "cond-expr",
                "locations": [
                    {
                        "start": { "line": 35, "column": 31 },
                        "end": { "line": 35, "column": 45 }
                    },
                    {
                        "start": { "line": 35, "column": 45 },
                        "end": { "line": 35, "column": null }
                    }
                ],
                "line": 35
            },
            "1": {
                "loc": {
                    "start": { "line": 43, "column": 48 },
                    "end": { "line": 43, "column": 67 }
                },
                "type": "binary-expr",
                "locations": [
                    {
                        "start": { "line": 43, "column": 48 },
                        "end": { "line": 43, "column": 55 }
                    },
                    {
                        "start": { "line": 43, "column": 55 },
                        "end": { "line": 43, "column": 67 }
                    }
                ],
                "line": 43
            },
            "2": {
                "loc": {
                    "start": { "line": 116, "column": 37 },
                    "end": { "line": 116, "column": 67 }
                },
                "type": "default-arg",
                "locations": [
                    {
                        "start": { "line": 116, "column": 51 },
                        "end": { "line": 116, "column": 67 }
                    }
                ],
                "line": 116
            },
            "3": {
                "loc": {
                    "start": { "line": 121, "column": 2 },
                    "end": { "line": 130, "column": null }
                },
                "type": "if",
                "locations": [
                    {
                        "start": { "line": 121, "column": 2 },
                        "end": { "line": 130, "column": null }
                    },
                    { "start": {}, "end": {} }
                ],
                "line": 121
            },
            "4": {
                "loc": {
                    "start": { "line": 122, "column": 3 },
                    "end": { "line": 123, "column": null }
                },
                "type": "if",
                "locations": [
                    {
                        "start": { "line": 122, "column": 3 },
                        "end": { "line": 123, "column": null }
                    },
                    { "start": {}, "end": {} }
                ],
                "line": 122
            },
            "5": {
                "loc": {
                    "start": { "line": 126, "column": 22 },
                    "end": { "line": 126, "column": null }
                },
                "type": "cond-expr",
                "locations": [
                    {
                        "start": { "line": 126, "column": 43 },
                        "end": { "line": 126, "column": 65 }
                    },
                    {
                        "start": { "line": 126, "column": 65 },
                        "end": { "line": 126, "column": null }
                    }
                ],
                "line": 126
            },
            "6": {
                "loc": {
                    "start": { "line": 134, "column": 2 },
                    "end": { "line": 135, "column": null }
                },
                "type": "if",
                "locations": [
                    {
                        "start": { "line": 134, "column": 2 },
                        "end": { "line": 135, "column": null }
                    },
                    { "start": {}, "end": {} }
                ],
                "line": 134
            },
            "7": {
                "loc": {
                    "start": { "line": 134, "column": 6 },
                    "end": { "line": 134, "column": 59 }
                },
                "type": "binary-expr",
                "locations": [
                    {
                        "start": { "line": 134, "column": 6 },
                        "end": { "line": 134, "column": 33 }
                    },
                    {
                        "start": { "line": 134, "column": 33 },
                        "end": { "line": 134, "column": 59 }
                    }
                ],
                "line": 134
            },
            "8": {
                "loc": {
                    "start": { "line": 139, "column": 2 },
                    "end": { "line": 147, "column": null }
                },
                "type": "if",
                "locations": [
                    {
                        "start": { "line": 139, "column": 2 },
                        "end": { "line": 147, "column": null }
                    },
                    { "start": {}, "end": {} }
                ],
                "line": 139
            },
            "9": {
                "loc": {
                    "start": { "line": 141, "column": 3 },
                    "end": { "line": 144, "column": null }
                },
                "type": "if",
                "locations": [
                    {
                        "start": { "line": 141, "column": 3 },
                        "end": { "line": 144, "column": null }
                    },
                    { "start": {}, "end": {} }
                ],
                "line": 141
            },
            "10": {
                "loc": {
                    "start": { "line": 164, "column": 3 },
                    "end": { "line": 164, "column": null }
                },
                "type": "if",
                "locations": [
                    {
                        "start": { "line": 164, "column": 3 },
                        "end": { "line": 164, "column": null }
                    },
                    { "start": {}, "end": {} }
                ],
                "line": 164
            },
            "11": {
                "loc": {
                    "start": { "line": 167, "column": 4 },
                    "end": { "line": 170, "column": null }
                },
                "type": "if",
                "locations": [
                    {
                        "start": { "line": 167, "column": 4 },
                        "end": { "line": 170, "column": null }
                    },
                    {
                        "start": { "line": 169, "column": 15 },
                        "end": { "line": 170, "column": null }
                    }
                ],
                "line": 167
            },
            "12": {
                "loc": {
                    "start": { "line": 169, "column": 15 },
                    "end": { "line": 170, "column": null }
                },
                "type": "if",
                "locations": [
                    {
                        "start": { "line": 169, "column": 15 },
                        "end": { "line": 170, "column": null }
                    },
                    { "start": {}, "end": {} }
                ],
                "line": 169
            },
            "13": {
                "loc": {
                    "start": { "line": 181, "column": 9 },
                    "end": { "line": 181, "column": null }
                },
                "type": "binary-expr",
                "locations": [
                    {
                        "start": { "line": 181, "column": 9 },
                        "end": { "line": 181, "column": 16 }
                    },
                    {
                        "start": { "line": 181, "column": 16 },
                        "end": { "line": 181, "column": null }
                    }
                ],
                "line": 181
            }
        },
        "s": {
            "0": 1,
            "1": 15,
            "2": 15,
            "3": 26,
            "4": 13,
            "5": 9,
            "6": 1,
            "7": 1,
            "8": 2,
            "9": 1,
            "10": 13,
            "11": 13,
            "12": 13,
            "13": 3,
            "14": 1,
            "15": 2,
            "16": 3,
            "17": 10,
            "18": 6,
            "19": 4,
            "20": 2,
            "21": 1,
            "22": 1,
            "23": 2,
            "24": 2,
            "25": 5,
            "26": 5,
            "27": 6,
            "28": 6,
            "29": 1,
            "30": 5,
            "31": 5,
            "32": 1,
            "33": 4,
            "34": 3,
            "35": 1,
            "36": 5,
            "37": 6
        },
        "f": {
            "0": 15,
            "1": 26,
            "2": 13,
            "3": 9,
            "4": 1,
            "5": 2,
            "6": 1,
            "7": 13,
            "8": 5,
            "9": 6
        },
        "b": {
            "0": [26, 0],
            "1": [13, 13],
            "2": [13],
            "3": [3, 10],
            "4": [1, 2],
            "5": [0, 2],
            "6": [6, 4],
            "7": [10, 6],
            "8": [2, 2],
            "9": [1, 1],
            "10": [1, 5],
            "11": [1, 4],
            "12": [3, 1],
            "13": [6, 5]
        },
        "meta": {
            "lastBranch": 14,
            "lastFunction": 10,
            "lastStatement": 38,
            "seen": {
                "s:25:20:25:Infinity": 0,
                "s:28:20:28:53": 1,
                "f:31:1:31:13": 0,
                "s:31:21:31:45": 2,
                "f:34:1:34:9": 1,
                "s:35:2:35:Infinity": 3,
                "b:35:31:35:45:35:45:35:Infinity": 0,
                "f:38:1:38:9": 2,
                "s:43:2:48:Infinity": 4,
                "b:43:48:43:55:43:55:43:67": 1,
                "f:54:1:54:Infinity": 3,
                "s:59:2:63:Infinity": 5,
                "f:69:1:69:Infinity": 4,
                "s:74:19:74:28": 6,
                "s:76:2:80:Infinity": 7,
                "f:86:1:86:Infinity": 5,
                "s:91:2:95:Infinity": 8,
                "f:101:1:101:Infinity": 6,
                "s:106:2:110:Infinity": 9,
                "f:116:1:116:8": 7,
                "b:116:51:116:67": 2,
                "s:117:17:117:49": 10,
                "s:118:14:118:39": 11,
                "b:121:2:130:Infinity:undefined:undefined:undefined:undefined": 3,
                "s:121:2:130:Infinity": 12,
                "b:122:3:123:Infinity:undefined:undefined:undefined:undefined": 4,
                "s:122:3:123:Infinity": 13,
                "s:123:4:123:Infinity": 14,
                "s:126:22:126:Infinity": 15,
                "b:126:43:126:65:126:65:126:Infinity": 5,
                "s:128:3:130:Infinity": 16,
                "b:134:2:135:Infinity:undefined:undefined:undefined:undefined": 6,
                "s:134:2:135:Infinity": 17,
                "b:134:6:134:33:134:33:134:59": 7,
                "s:135:3:135:Infinity": 18,
                "b:139:2:147:Infinity:undefined:undefined:undefined:undefined": 8,
                "s:139:2:147:Infinity": 19,
                "b:141:3:144:Infinity:undefined:undefined:undefined:undefined": 9,
                "s:141:3:144:Infinity": 20,
                "s:142:4:142:Infinity": 21,
                "s:144:4:144:Infinity": 22,
                "s:147:3:147:Infinity": 23,
                "s:151:2:151:Infinity": 24,
                "f:158:7:158:32": 8,
                "s:159:24:159:46": 25,
                "s:161:2:173:Infinity": 26,
                "s:162:20:162:Infinity": 27,
                "b:164:3:164:Infinity:undefined:undefined:undefined:undefined": 10,
                "s:164:3:164:Infinity": 28,
                "s:164:18:164:Infinity": 29,
                "s:166:3:173:Infinity": 30,
                "b:167:4:170:Infinity:169:15:170:Infinity": 11,
                "s:167:4:170:Infinity": 31,
                "s:168:5:168:Infinity": 32,
                "b:169:15:170:Infinity:undefined:undefined:undefined:undefined": 12,
                "s:169:15:170:Infinity": 33,
                "s:170:5:170:Infinity": 34,
                "s:173:4:173:Infinity": 35,
                "s:177:2:177:Infinity": 36,
                "f:180:1:180:9": 9,
                "s:181:2:181:Infinity": 37,
                "b:181:9:181:16:181:16:181:Infinity": 13
            }
        }
    }
}
